#
# There is insufficient memory for the Java Runtime Environment to continue.
# Native memory allocation (mmap) failed to map 125829120 bytes for G1 virtual space
# Possible reasons:
#   The system is out of physical RAM or swap space
#   The process is running with CompressedOops enabled, and the Java Heap may be blocking the growth of the native heap
# Possible solutions:
#   Reduce memory load on the system
#   Increase physical memory or swap space
#   Check if swap backing store is full
#   Decrease Java heap size (-Xmx/-Xms)
#   Decrease number of Java threads
#   Decrease Java thread stack sizes (-Xss)
#   Set larger code cache with -XX:ReservedCodeCacheSize=
#   JVM is running with Unscaled Compressed Oops mode in which the Java heap is
#     placed in the first 4GB address space. The Java Heap base address is the
#     maximum limit for the native heap growth. Please use -XX:HeapBaseMinAddress
#     to set the Java Heap base and to place the Java Heap above 4GB virtual address.
# This output file may be truncated or incomplete.
#
#  Out of Memory Error (os_windows.cpp:3528), pid=29808, tid=9100
#
# JRE version:  (20.0.1+9) (build )
# Java VM: Java HotSpot(TM) 64-Bit Server VM (20.0.1+9-29, mixed mode, sharing, tiered, compressed oops, compressed class ptrs, g1 gc, windows-amd64)
# No core dump will be written. Minidumps are not enabled by default on client versions of Windows
#

---------------  S U M M A R Y ------------

Command Line: -Dfile.encoding=UTF-8 -XX:+ShowCodeDetailsInExceptionMessages snakegame.snakegame

Host: AMD Ryzen 5 5600H with Radeon Graphics         , 12 cores, 7G,  Windows 11 , 64 bit Build 22621 (10.0.22621.1928)
Time: Thu Aug  3 12:21:57 2023 India Standard Time elapsed time: 0.033070 seconds (0d 0h 0m 0s)

---------------  T H R E A D  ---------------

Current thread (0x0000021b1f5f0640):  JavaThread "Unknown thread" [_thread_in_vm, id=9100, stack(0x000000c2ccb00000,0x000000c2ccc00000)]

Stack: [0x000000c2ccb00000,0x000000c2ccc00000]
Native frames: (J=compiled Java code, j=interpreted, Vv=VM code, C=native code)
V  [jvm.dll+0x6bb95a]
V  [jvm.dll+0x8485fa]
V  [jvm.dll+0x84a1f5]
V  [jvm.dll+0x84a8f3]
V  [jvm.dll+0x280b0f]
V  [jvm.dll+0x6b86e9]
V  [jvm.dll+0x6ad2da]
V  [jvm.dll+0x35adf5]
V  [jvm.dll+0x363016]
V  [jvm.dll+0x3b3b3e]
V  [jvm.dll+0x3b3dc5]
V  [jvm.dll+0x32b50a]
V  [jvm.dll+0x32c32b]
V  [jvm.dll+0x8112bf]
V  [jvm.dll+0x3c0d91]
V  [jvm.dll+0x7fcfe3]
V  [jvm.dll+0x44c76f]
V  [jvm.dll+0x44e0e1]
C  [jli.dll+0x5287]
C  [ucrtbase.dll+0x29363]
C  [KERNEL32.DLL+0x126ad]
C  [ntdll.dll+0x5aa68]


---------------  P R O C E S S  ---------------

Threads class SMR info:
_java_thread_list=0x00007ffcc8c3a098, length=0, elements={
}

Java Threads: ( => current thread )

Other Threads:
  0x0000021b1f64c8e0 WorkerThread "GC Thread#0" [stack: 0x000000c2ccc00000,0x000000c2ccd00000] [id=10104]
  0x0000021b1f65cea0 ConcurrentGCThread "G1 Main Marker" [stack: 0x000000c2ccd00000,0x000000c2cce00000] [id=31552]
  0x0000021b1f65d7e0 WorkerThread "G1 Conc#0" [stack: 0x000000c2cce00000,0x000000c2ccf00000] [id=19348]

[error occurred during error reporting (printing all threads), id 0xc0000005, EXCEPTION_ACCESS_VIOLATION (0xc0000005) at pc=0x00007ffcc841eb47]
VM state: not at safepoint (not fully initialized)

VM Mutex/Monitor currently owned by a thread:  ([mutex/lock_event])
[0x0000021b1f5eef80] Heap_lock - owner thread: 0x0000021b1f5f0640

Heap address: 0x0000000089800000, size: 1896 MB, Compressed Oops mode: 32-bit

CDS archive(s) mapped at: [0x0000000000000000-0x0000000000000000-0x0000000000000000), size 0, SharedBaseAddress: 0x0000000800000000, ArchiveRelocationMode: 0.
Narrow klass base: 0x0000000000000000, Narrow klass shift: 0, Narrow klass range: 0x0

GC Precious Log:
 CardTable entry size: 512
 Card Set container configuration: InlinePtr #cards 5 size 8 Array Of Cards #cards 12 size 40 Howl #buckets 4 coarsen threshold 1843 Howl Bitmap #cards 512 size 80 coarsen threshold 460 Card regions per heap region 1 cards per card region 2048

Heap:
 garbage-first heap   total 0K, used 0K [0x0000000089800000, 0x0000000100000000)
  region size 1024K, 0 young (0K), 0 survivors (0K)

[error occurred during error reporting (printing heap information), id 0xc0000005, EXCEPTION_ACCESS_VIOLATION (0xc0000005) at pc=0x00007ffcc87f3c59]
GC Heap History (0 events):
No events

Dll operation events (1 events):
Event: 0.020 Loaded shared library C:\Program Files\Java\jdk-20\bin\java.dll

Deoptimization events (0 events):
No events

Classes loaded (0 events):
No events

Classes unloaded (0 events):
No events

Classes redefined (0 events):
No events

Internal exceptions (0 events):
No events

VM Operations (0 events):
No events

Events (0 events):
No events


Dynamic libraries:
0x00007ff674ef0000 - 0x00007ff674f00000 	C:\Program Files\Java\jdk-20\bin\javaw.exe
0x00007ffd57590000 - 0x00007ffd577a4000 	C:\WINDOWS\SYSTEM32\ntdll.dll
0x00007ffd56330000 - 0x00007ffd563f2000 	C:\WINDOWS\System32\KERNEL32.DLL
0x00007ffd54e00000 - 0x00007ffd551a3000 	C:\WINDOWS\System32\KERNELBASE.dll
0x00007ffd551b0000 - 0x00007ffd552c1000 	C:\WINDOWS\System32\ucrtbase.dll
0x00007ffcd98f0000 - 0x00007ffcd990b000 	C:\Program Files\Java\jdk-20\bin\VCRUNTIME140.dll
0x00007ffd4bc60000 - 0x00007ffd4bc79000 	C:\Program Files\Java\jdk-20\bin\jli.dll
0x00007ffd56560000 - 0x00007ffd5660e000 	C:\WINDOWS\System32\ADVAPI32.dll
0x00007ffd55b50000 - 0x00007ffd55bf7000 	C:\WINDOWS\System32\msvcrt.dll
0x00007ffd574a0000 - 0x00007ffd57544000 	C:\WINDOWS\System32\sechost.dll
0x00007ffd55a30000 - 0x00007ffd55b47000 	C:\WINDOWS\System32\RPCRT4.dll
0x00007ffd55cd0000 - 0x00007ffd55e7a000 	C:\WINDOWS\System32\USER32.dll
0x00007ffd552d0000 - 0x00007ffd552f6000 	C:\WINDOWS\System32\win32u.dll
0x00007ffd3f000000 - 0x00007ffd3f28e000 	C:\WINDOWS\WinSxS\amd64_microsoft.windows.common-controls_6595b64144ccf1df_6.0.22621.1635_none_270f70857386168e\COMCTL32.dll
0x00007ffd56ec0000 - 0x00007ffd56ee9000 	C:\WINDOWS\System32\GDI32.dll
0x00007ffd54b80000 - 0x00007ffd54c99000 	C:\WINDOWS\System32\gdi32full.dll
0x00007ffd54d60000 - 0x00007ffd54dfa000 	C:\WINDOWS\System32\msvcp_win.dll
0x00007ffd4a7e0000 - 0x00007ffd4a7ea000 	C:\WINDOWS\SYSTEM32\VERSION.dll
0x00007ffd570d0000 - 0x00007ffd57101000 	C:\WINDOWS\System32\IMM32.DLL
0x00007ffd36e20000 - 0x00007ffd36e2c000 	C:\Program Files\Java\jdk-20\bin\vcruntime140_1.dll
0x00007ffcc7620000 - 0x00007ffcc76ae000 	C:\Program Files\Java\jdk-20\bin\msvcp140.dll
0x00007ffcc80e0000 - 0x00007ffcc8d77000 	C:\Program Files\Java\jdk-20\bin\server\jvm.dll
0x00007ffd44190000 - 0x00007ffd44199000 	C:\WINDOWS\SYSTEM32\WSOCK32.dll
0x00007ffd4c770000 - 0x00007ffd4c7a4000 	C:\WINDOWS\SYSTEM32\WINMM.dll
0x00007ffd55740000 - 0x00007ffd557b1000 	C:\WINDOWS\System32\WS2_32.dll
0x00007ffd539d0000 - 0x00007ffd539e8000 	C:\WINDOWS\SYSTEM32\kernel.appcore.dll
0x00007ffd35de0000 - 0x00007ffd35dea000 	C:\Program Files\Java\jdk-20\bin\jimage.dll
0x00007ffd52220000 - 0x00007ffd5244e000 	C:\WINDOWS\SYSTEM32\DBGHELP.DLL
0x00007ffd57110000 - 0x00007ffd57499000 	C:\WINDOWS\System32\combase.dll
0x00007ffd56ff0000 - 0x00007ffd570c7000 	C:\WINDOWS\System32\OLEAUT32.dll
0x00007ffd3ec20000 - 0x00007ffd3ec52000 	C:\WINDOWS\SYSTEM32\dbgcore.DLL
0x00007ffd54b00000 - 0x00007ffd54b7a000 	C:\WINDOWS\System32\bcryptPrimitives.dll
0x00007ffcd7290000 - 0x00007ffcd72b6000 	C:\Program Files\Java\jdk-20\bin\java.dll

dbghelp: loaded successfully - version: 4.0.5 - missing functions: none
symbol engine: initialized successfully - sym options: 0x614 - pdb path: .;C:\Program Files\Java\jdk-20\bin;C:\WINDOWS\SYSTEM32;C:\WINDOWS\WinSxS\amd64_microsoft.windows.common-controls_6595b64144ccf1df_6.0.22621.1635_none_270f70857386168e;C:\Program Files\Java\jdk-20\bin\server

VM Arguments:
jvm_args: -Dfile.encoding=UTF-8 -XX:+ShowCodeDetailsInExceptionMessages 
java_command: snakegame.snakegame
java_class_path (initial): C:\Users\csowm\eclipse-workspace\snakegame\bin
Launcher Type: SUN_STANDARD

[Global flags]
     intx CICompilerCount                          = 4                                         {product} {ergonomic}
     uint ConcGCThreads                            = 3                                         {product} {ergonomic}
     uint G1ConcRefinementThreads                  = 10                                        {product} {ergonomic}
   size_t G1HeapRegionSize                         = 1048576                                   {product} {ergonomic}
    uintx GCDrainStackTargetSize                   = 64                                        {product} {ergonomic}
   size_t InitialHeapSize                          = 125829120                                 {product} {ergonomic}
   size_t MarkStackSize                            = 4194304                                   {product} {ergonomic}
   size_t MaxHeapSize                              = 1988100096                                {product} {ergonomic}
   size_t MinHeapDeltaBytes                        = 1048576                                   {product} {ergonomic}
   size_t MinHeapSize                              = 8388608                                   {product} {ergonomic}
    uintx NonNMethodCodeHeapSize                   = 5839372                                {pd product} {ergonomic}
    uintx NonProfiledCodeHeapSize                  = 122909434                              {pd product} {ergonomic}
    uintx ProfiledCodeHeapSize                     = 122909434                              {pd product} {ergonomic}
    uintx ReservedCodeCacheSize                    = 251658240                              {pd product} {ergonomic}
     bool SegmentedCodeCache                       = true                                      {product} {ergonomic}
     bool ShowCodeDetailsInExceptionMessages       = true                                   {manageable} {command line}
   size_t SoftMaxHeapSize                          = 1988100096                             {manageable} {ergonomic}
     bool UseCompressedClassPointers               = true                           {product lp64_product} {ergonomic}
     bool UseCompressedOops                        = true                           {product lp64_product} {ergonomic}
     bool UseG1GC                                  = true                                      {product} {ergonomic}
     bool UseLargePagesIndividualAllocation        = false                                  {pd product} {ergonomic}

Logging:
Log output configuration:
 #0: stdout all=warning uptime,level,tags foldmultilines=false
 #1: stderr all=off uptime,level,tags foldmultilines=false

Environment Variables:
JAVA_HOME=C:\Program Files\Java\jdk-20
PATH=C:\Program Files\Common Files\Oracle\Java\javapath;C:\Program Files\Java\jdk-20\bin;C:\Program Files (x86)\Common Files\Oracle\Java\javapath;C:\WINDOWS\system32;C:\WINDOWS;C:\WINDOWS\System32\Wbem;C:\WINDOWS\System32\WindowsPowerShell\v1.0\;C:\WINDOWS\System32\OpenSSH\;C:\Program Files\MySQL\MySQL Server 8.0\bin;C:\Users\csowm\AppData\Local\Programs\Python\Python311\Scripts;D:\Nodejs\;C:\Program Files\Java\jdk-20\bin;C:\Program Files\MySQL\MySQL Shell 8.0\bin\;C:\Users\csowm\AppData\Local\Programs\Python\Python311\Scripts\;C:\Users\csowm\AppData\Local\Programs\Python\Python311\;C:\Users\csowm\AppData\Local\Microsoft\WindowsApps;C:\Users\csowm\AppData\Local\Programs\Microsoft VS Code\bin;C:\Program Files\MySQL\MySQL Shell 8.0\bin;C:\Users\csowm\AppData\Roaming\npm;
USERNAME=csowm
OS=Windows_NT
PROCESSOR_IDENTIFIER=AMD64 Family 25 Model 80 Stepping 0, AuthenticAMD
TMP=C:\Users\csowm\AppData\Local\Temp
TEMP=C:\Users\csowm\AppData\Local\Temp




---------------  S Y S T E M  ---------------

OS:
 Windows 11 , 64 bit Build 22621 (10.0.22621.1928)
OS uptime: 10 days 20:09 hours

CPU: total 12 (initial active 12) (12 cores per cpu, 2 threads per core) family 25 model 80 stepping 0 microcode 0x0, cx8, cmov, fxsr, ht, mmx, 3dnowpref, sse, sse2, sse3, ssse3, sse4a, sse4.1, sse4.2, popcnt, lzcnt, tsc, tscinvbit, avx, avx2, aes, erms, clmul, bmi1, bmi2, adx, sha, fma, vzeroupper, clflush, clflushopt, rdtscp, rdpid, fsrm, f16c, pku, cet_ss

Memory: 4k page, system-wide physical 7583M (384M free)
TotalPageFile size 30921M (AvailPageFile size 44M)
current process WorkingSet (physical memory assigned to process): 11M, peak: 11M
current process commit charge ("private bytes"): 64M, peak: 184M

vm_info: Java HotSpot(TM) 64-Bit Server VM (20.0.1+9-29) for windows-amd64 JRE (20.0.1+9-29), built on 2023-03-07T13:56:11Z by "mach5one" with MS VC++ 17.1 (VS2022)

END.
